2019-08-24 20:53:56,604 [INFO ]  Starting Rasa server on http://localhost:5005
2019-09-26 13:45:14,751 [INFO ]  Starting Rasa server on http://localhost:5005
2019-09-27 16:51:02,095 [INFO ]  Starting Rasa server on http://localhost:5005
2019-09-27 16:59:18,591 [INFO ]  Starting Rasa server on http://localhost:5005
2019-09-27 17:12:36,027 [INFO ]  Starting Rasa server on http://localhost:5005
2019-09-27 18:09:40,239 [INFO ]  Starting Rasa server on http://localhost:5005
2019-09-27 20:33:57,697 [INFO ]  Starting Rasa server on http://localhost:5005
2019-09-27 20:41:36,844 [INFO ]  Starting Rasa server on http://localhost:5005
2019-09-27 21:05:59,480 [INFO ]  Starting Rasa server on http://localhost:5005
2019-09-27 21:05:59,564 [ERROR]  Could not load model due to The model version is too old to be loaded by this Rasa NLU instance. Either retrain the model, or run with an older version. Model version: 1.2.2 Instance version: 1.3.6.
2019-09-27 21:05:59,564 [ERROR]  Experienced exception while trying to serve
Traceback (most recent call last):
  File "/home/unknowndevil/Documents/patricia/venv/lib/python3.6/site-packages/sanic/app.py", line 1096, in run
    serve(**server_settings)
  File "/home/unknowndevil/Documents/patricia/venv/lib/python3.6/site-packages/sanic/server.py", line 742, in serve
    trigger_events(before_start, loop)
  File "/home/unknowndevil/Documents/patricia/venv/lib/python3.6/site-packages/sanic/server.py", line 604, in trigger_events
    loop.run_until_complete(result)
  File "uvloop/loop.pyx", line 1417, in uvloop.loop.Loop.run_until_complete
  File "/home/unknowndevil/Documents/patricia/venv/lib/python3.6/site-packages/rasa/core/run.py", line 242, in load_agent_on_start
    action_endpoint=endpoints.action,
  File "/home/unknowndevil/Documents/patricia/venv/lib/python3.6/site-packages/rasa/core/agent.py", line 262, in load_agent
    remote_storage=remote_storage,
  File "/home/unknowndevil/Documents/patricia/venv/lib/python3.6/site-packages/rasa/core/agent.py", line 913, in load_local_model
    remote_storage=remote_storage,
  File "/home/unknowndevil/Documents/patricia/venv/lib/python3.6/site-packages/rasa/core/agent.py", line 374, in load
    interpreter = NaturalLanguageInterpreter.create(nlu_model)
  File "/home/unknowndevil/Documents/patricia/venv/lib/python3.6/site-packages/rasa/core/interpreter.py", line 57, in create
    return RasaNLUInterpreter(model_directory=obj)
  File "/home/unknowndevil/Documents/patricia/venv/lib/python3.6/site-packages/rasa/core/interpreter.py", line 263, in __init__
    self._load_interpreter()
  File "/home/unknowndevil/Documents/patricia/venv/lib/python3.6/site-packages/rasa/core/interpreter.py", line 286, in _load_interpreter
    self.interpreter = Interpreter.load(self.model_directory)
  File "/home/unknowndevil/Documents/patricia/venv/lib/python3.6/site-packages/rasa/nlu/model.py", line 304, in load
    Interpreter.ensure_model_compatibility(model_metadata)
  File "/home/unknowndevil/Documents/patricia/venv/lib/python3.6/site-packages/rasa/nlu/model.py", line 279, in ensure_model_compatibility
    "".format(model_version, rasa.__version__)
rasa.nlu.model.UnsupportedModelError: The model version is too old to be loaded by this Rasa NLU instance. Either retrain the model, or run with an older version. Model version: 1.2.2 Instance version: 1.3.6
2019-09-27 21:07:55,162 [INFO ]  Starting Rasa server on http://localhost:5005
2019-09-27 22:22:21,804 [INFO ]  Starting Rasa server on http://localhost:5005
2019-09-30 21:04:30,799 [INFO ]  Starting Rasa server on http://localhost:5005
2019-09-30 23:17:27,030 [INFO ]  Starting Rasa server on http://localhost:5005
2019-09-30 23:36:33,764 [INFO ]  Starting Rasa server on http://localhost:5005
2019-09-30 23:37:52,996 [ERROR]  Encountered an exception while running action 'get_heritage_detail'. Bot will continue, but the actions events are lost. Please check the logs of your action server for more information.
2019-10-01 00:30:14,327 [INFO ]  Starting Rasa server on http://localhost:5005
2019-10-02 00:13:04,967 [INFO ]  Starting Rasa server on http://localhost:5005
